#
# There is insufficient memory for the Java Runtime Environment to continue.
# Native memory allocation (malloc) failed to allocate 1048576 bytes for AllocateHeap
# Possible reasons:
#   The system is out of physical RAM or swap space
#   In 32 bit mode, the process size limit was hit
# Possible solutions:
#   Reduce memory load on the system
#   Increase physical memory or swap space
#   Check if swap backing store is full
#   Use 64 bit Java on a 64 bit OS
#   Decrease Java heap size (-Xmx/-Xms)
#   Decrease number of Java threads
#   Decrease Java thread stack sizes (-Xss)
#   Set larger code cache with -XX:ReservedCodeCacheSize=
# This output file may be truncated or incomplete.
#
#  Out of Memory Error (memory/allocation.inline.hpp:61), pid=28664, tid=0x00000000000041c0
#
# JRE version:  (8.0_171-b11) (build )
# Java VM: Java HotSpot(TM) 64-Bit Server VM (25.171-b11 mixed mode windows-amd64 compressed oops)
# Failed to write core dump. Minidumps are not enabled by default on client versions of Windows
#

---------------  T H R E A D  ---------------

Current thread (0x0000000002902000):  JavaThread "Unknown thread" [_thread_in_vm, id=16832, stack(0x0000000002800000,0x0000000002900000)]

Stack: [0x0000000002800000,0x0000000002900000]
[error occurred during error reporting (printing stack bounds), id 0xc0000005]

Native frames: (J=compiled Java code, j=interpreted, Vv=VM code, C=native code)


---------------  P R O C E S S  ---------------

Java Threads: ( => current thread )

Other Threads:

=>0x0000000002902000 (exited) JavaThread "Unknown thread" [_thread_in_vm, id=16832, stack(0x0000000002800000,0x0000000002900000)]

VM state:not at safepoint (normal execution)

VM Mutex/Monitor currently owned by a thread: None

Heap:
 PSYoungGen      total 75776K, used 1300K [0x000000076b600000, 0x0000000770a80000, 0x00000007c0000000)
  eden space 65024K, 2% used [0x000000076b600000,0x000000076b7451f8,0x000000076f580000)
  from space 10752K, 0% used [0x0000000770000000,0x0000000770000000,0x0000000770a80000)
  to   space 10752K, 0% used [0x000000076f580000,0x000000076f580000,0x0000000770000000)
 ParOldGen       total 173568K, used 0K [0x00000006c2200000, 0x00000006ccb80000, 0x000000076b600000)
  object space 173568K, 0% used [0x00000006c2200000,0x00000006c2200000,0x00000006ccb80000)
 Metaspace       used 774K, capacity 4480K, committed 4480K, reserved 1056768K
  class space    used 76K, capacity 384K, committed 384K, reserved 1048576K

Card table byte_map: [0x0000000011f50000,0x0000000012740000] byte_map_base: 0x000000000e93f000

Marking Bits: (ParMarkBitMap*) 0x000000006c5b08c0
 Begin Bits: [0x0000000013490000, 0x0000000017408000)
 End Bits:   [0x0000000017408000, 0x000000001b380000)

Polling page: 0x0000000000af0000

CodeCache: size=245760Kb used=328Kb max_used=328Kb free=245431Kb
 bounds [0x0000000002b90000, 0x0000000002e00000, 0x0000000011b90000]
 total_blobs=58 nmethods=0 adapters=38
 compilation: enabled

Compilation events (0 events):
No events

GC Heap History (0 events):
No events

Deoptimization events (0 events):
No events

Classes redefined (0 events):
No events

Internal exceptions (0 events):
No events

Events (10 events):
Event: 0.023 loading class java/lang/Short
Event: 0.023 loading class java/lang/Short done
Event: 0.023 loading class java/lang/Integer
Event: 0.023 loading class java/lang/Integer done
Event: 0.023 loading class java/lang/Long
Event: 0.023 loading class java/lang/Long done
Event: 0.024 loading class java/lang/NullPointerException
Event: 0.024 loading class java/lang/NullPointerException done
Event: 0.024 loading class java/lang/ArithmeticException
Event: 0.024 loading class java/lang/ArithmeticException done


Dynamic libraries:
0x00007ff6b9860000 - 0x00007ff6b9897000 	D:\Program Files\Java\jdk1.8.0_171\bin\java.exe
0x00007ffd04690000 - 0x00007ffd04885000 	C:\WINDOWS\SYSTEM32\ntdll.dll
0x00007ffd02a10000 - 0x00007ffd02acd000 	C:\WINDOWS\System32\KERNEL32.DLL
0x00007ffd020f0000 - 0x00007ffd023b8000 	C:\WINDOWS\System32\KERNELBASE.dll
0x00007ffd04540000 - 0x00007ffd045ec000 	C:\WINDOWS\System32\ADVAPI32.dll
0x00007ffd02b70000 - 0x00007ffd02c0e000 	C:\WINDOWS\System32\msvcrt.dll
0x00007ffd02820000 - 0x00007ffd028bb000 	C:\WINDOWS\System32\sechost.dll
0x00007ffd02c10000 - 0x00007ffd02d3b000 	C:\WINDOWS\System32\RPCRT4.dll
0x00007ffd043a0000 - 0x00007ffd04540000 	C:\WINDOWS\System32\USER32.dll
0x00007ffd01fc0000 - 0x00007ffd01fe2000 	C:\WINDOWS\System32\win32u.dll
0x00007ffd02970000 - 0x00007ffd0299a000 	C:\WINDOWS\System32\GDI32.dll
0x00007ffd01eb0000 - 0x00007ffd01fbb000 	C:\WINDOWS\System32\gdi32full.dll
0x00007ffd024f0000 - 0x00007ffd0258d000 	C:\WINDOWS\System32\msvcp_win.dll
0x00007ffd01ff0000 - 0x00007ffd020f0000 	C:\WINDOWS\System32\ucrtbase.dll
0x00007ffd011f0000 - 0x00007ffd0148a000 	C:\WINDOWS\WinSxS\amd64_microsoft.windows.common-controls_6595b64144ccf1df_6.0.19041.844_none_ca00b6081b84eb1d\COMCTL32.dll
0x00007ffd02ae0000 - 0x00007ffd02b10000 	C:\WINDOWS\System32\IMM32.DLL
0x000000006d1f0000 - 0x000000006d2c2000 	D:\Program Files\Java\jdk1.8.0_171\jre\bin\msvcr100.dll
0x000000006bd90000 - 0x000000006c630000 	D:\Program Files\Java\jdk1.8.0_171\jre\bin\server\jvm.dll
0x00007ffd02ad0000 - 0x00007ffd02ad8000 	C:\WINDOWS\System32\PSAPI.DLL
0x00007ffce6520000 - 0x00007ffce6529000 	C:\WINDOWS\SYSTEM32\WSOCK32.dll
0x00007ffcf6520000 - 0x00007ffcf6547000 	C:\WINDOWS\SYSTEM32\WINMM.dll
0x00007ffd00650000 - 0x00007ffd0065a000 	C:\WINDOWS\SYSTEM32\VERSION.dll
0x00007ffd029a0000 - 0x00007ffd02a0b000 	C:\WINDOWS\System32\WS2_32.dll
0x000000006d1e0000 - 0x000000006d1ef000 	D:\Program Files\Java\jdk1.8.0_171\jre\bin\verify.dll
0x000000006bd60000 - 0x000000006bd89000 	D:\Program Files\Java\jdk1.8.0_171\jre\bin\java.dll
0x000000006bc40000 - 0x000000006bc63000 	D:\Program Files\Java\jdk1.8.0_171\jre\bin\instrument.dll
0x000000006bd40000 - 0x000000006bd56000 	D:\Program Files\Java\jdk1.8.0_171\jre\bin\zip.dll

VM Arguments:
jvm_args: -javaagent:D:\Program Files\JetBrains\IntelliJ IDEA 2018.3.5\lib\idea_rt.jar=61712:D:\Program Files\JetBrains\IntelliJ IDEA 2018.3.5\bin -Dfile.encoding=UTF-8 
java_command: com.cloud.server.common.DoAuthTest
java_class_path (initial): D:\Program Files\Java\jdk1.8.0_171\jre\lib\charsets.jar;D:\Program Files\Java\jdk1.8.0_171\jre\lib\deploy.jar;D:\Program Files\Java\jdk1.8.0_171\jre\lib\ext\access-bridge-64.jar;D:\Program Files\Java\jdk1.8.0_171\jre\lib\ext\cldrdata.jar;D:\Program Files\Java\jdk1.8.0_171\jre\lib\ext\dnsns.jar;D:\Program Files\Java\jdk1.8.0_171\jre\lib\ext\jaccess.jar;D:\Program Files\Java\jdk1.8.0_171\jre\lib\ext\jfxrt.jar;D:\Program Files\Java\jdk1.8.0_171\jre\lib\ext\localedata.jar;D:\Program Files\Java\jdk1.8.0_171\jre\lib\ext\nashorn.jar;D:\Program Files\Java\jdk1.8.0_171\jre\lib\ext\sunec.jar;D:\Program Files\Java\jdk1.8.0_171\jre\lib\ext\sunjce_provider.jar;D:\Program Files\Java\jdk1.8.0_171\jre\lib\ext\sunmscapi.jar;D:\Program Files\Java\jdk1.8.0_171\jre\lib\ext\sunpkcs11.jar;D:\Program Files\Java\jdk1.8.0_171\jre\lib\ext\zipfs.jar;D:\Program Files\Java\jdk1.8.0_171\jre\lib\javaws.jar;D:\Program Files\Java\jdk1.8.0_171\jre\lib\jce.jar;D:\Program Files\Java\jdk1.8.0_171\jre\lib\jfr.jar;D:\Program Files\Java\jdk1.8.0_171\jre\lib\jfxswt.jar;D:\Program Files\Java\jdk1.8.0_171\jre\lib\jsse.jar;D:\Program Files\Java\jdk1.8.0_171\jre\lib\management-agent.jar;D:\Program Files\Java\jdk1.8.0_171\jre\lib\plugin.jar;D:\Program Files\Java\jdk1.8.0_171\jre\lib\resources.jar;D:\Program Files\Java\jdk1.8.0_171\jre\lib\rt.jar;E:\≤‚ ‘◊®”√π§æﬂπ§≥Ã\springcloud\target\classes;E:\maven-repository\org\springframework\boot\spring-boot-starter\1.5.10.RELEASE\spring-boot-starter-1.5.10.RELEASE.jar;E:\maven-repository\org\springframework\boot\spring-boot\1.5.10.RELEASE\spring-boot-1.5.10.RELEASE.jar;E:\maven-repository\org\springframework\spring-context\4.3.14.RELEASE\spring-context-4.3.14.RELEASE.jar;E:\maven-repository\org\springframework\boot\spring-boot-autoconfigure\1.5.10.RELEASE\spring-boot-autoconfigure-1.5.10.RELEASE.jar;E:\maven-repository\org\springframework\boot\spring-boot-starter-logging\1.5.10.RELEASE\spring-boot-starter-logging-1.5.10.RELEASE.jar;E:\maven-r
Launcher Type: SUN_STANDARD

Environment Variables:
JAVA_HOME=D:\Program Files\Java\jdk1.8.0_171
CLASSPATH=D:\Program Files\Java\jdk1.8.0_171lib;D:\Program Files\Java\jdk1.8.0_171libdt.jar;D:\Program Files\Java\jdk1.8.0_171lib ools.jar;
PATH=D:\Python27\;D:\Python27\Scripts;D:\Programs\Python\Python37\Scripts\;D:\Programs\Python\Python37\;%python%;C:\Program Files (x86)\Common Files\Oracle\Java\javapath;C:\Program Files (x86)\Intel\Intel(R) Management Engine Components\iCLS\;C:\Program Files\Intel\Intel(R) Management Engine Components\iCLS\;C:\Windows\system32;C:\Windows;C:\Windows\System32\Wbem;C:\Windows\System32\WindowsPowerShell\v1.0\;C:\Program Files (x86)\NVIDIA Corporation\PhysX\Common;C:\Program Files (x86)\Intel\Intel(R) Management Engine Components\DAL;C:\Program Files\Intel\Intel(R) Management Engine Components\DAL;C:\Program Files (x86)\Intel\Intel(R) Management Engine Components\IPT;C:\Program Files\Intel\Intel(R) Management Engine Components\IPT;C:\WINDOWS\system32;C:\WINDOWS;C:\WINDOWS\System32\Wbem;C:\WINDOWS\System32\WindowsPowerShell\v1.0\;C:\WINDOWS\System32\OpenSSH\;E:\apache-maven-3.6.0\bin\;C:\Program Files (x86)\MySQL\MySQL Utilities 1.6\;C:\Program Files\Intel\WiFi\bin\;C:\Program Files\Common Files\Intel\WirelessCommon\;D:\Program Files\TortoiseGit\bin;d:\Program Files\Git\cmd;D:\Program Files\nodejs\;D:\Program Files\TortoiseSVN\bin;D:\Program Files\Java\jdk1.8.0_171\bin;D:\hadoop_local_test_evn\habase\hbase-2.3.4\bin;D:\hadoop_local_test_evn\hadoop\hadoop-3.2.2\bin;D:\Program Files (x86)\NetSarang\Xshell 7\;D:\Program Files (x86)\NetSarang\Xftp 7\;C:\Users\cyh\AppData\Local\Microsoft\WindowsApps;d:\Fiddler;;C:\Users\–°”„Õ¬≈›≈›\AppData\Local\Microsoft\WindowsApps;C:\Users\–°”„Õ¬≈›≈›\AppData\Roaming\npm;D:\Programs\Microsoft VS Code\bin
USERNAME=–°”„Õ¬≈›≈›
OS=Windows_NT
PROCESSOR_IDENTIFIER=Intel64 Family 6 Model 158 Stepping 10, GenuineIntel



---------------  S Y S T E M  ---------------

OS: Windows 10.0 , 64 bit Build 19041 (10.0.19041.928)

CPU:total 8 (initial active 8) (4 cores per cpu, 2 threads per core) family 6 model 158 stepping 10, cmov, cx8, fxsr, mmx, sse, sse2, sse3, ssse3, sse4.1, sse4.2, popcnt, avx, avx2, aes, clmul, erms, 3dnowpref, lzcnt, ht, tsc, tscinvbit, bmi1, bmi2, adx

Memory: 4k page, physical 16634536k(5677328k free), swap 18731688k(6088k free)

vm_info: Java HotSpot(TM) 64-Bit Server VM (25.171-b11) for windows-amd64 JRE (1.8.0_171-b11), built on Mar 28 2018 16:06:12 by "java_re" with MS VC++ 10.0 (VS2010)

time: Sat May 29 16:23:23 2021
elapsed time: 0 seconds (0d 0h 0m 0s)

