#
# There is insufficient memory for the Java Runtime Environment to continue.
# Native memory allocation (malloc) failed to allocate 32744 bytes for ChunkPool::allocate
# Possible reasons:
#   The system is out of physical RAM or swap space
#   In 32 bit mode, the process size limit was hit
# Possible solutions:
#   Reduce memory load on the system
#   Increase physical memory or swap space
#   Check if swap backing store is full
#   Use 64 bit Java on a 64 bit OS
#   Decrease Java heap size (-Xmx/-Xms)
#   Decrease number of Java threads
#   Decrease Java thread stack sizes (-Xss)
#   Set larger code cache with -XX:ReservedCodeCacheSize=
# This output file may be truncated or incomplete.
#
#  Out of Memory Error (allocation.cpp:273), pid=23740, tid=0x0000000000003470
#
# JRE version: Java(TM) SE Runtime Environment (8.0_171-b11) (build 1.8.0_171-b11)
# Java VM: Java HotSpot(TM) 64-Bit Server VM (25.171-b11 mixed mode windows-amd64 compressed oops)
# Failed to write core dump. Minidumps are not enabled by default on client versions of Windows
#

---------------  T H R E A D  ---------------

Current thread (0x000000001f974000):  JavaThread "C2 CompilerThread0" daemon [_thread_in_vm, id=13424, stack(0x00000000200a0000,0x00000000201a0000)]

Stack: [0x00000000200a0000,0x00000000201a0000]
[error occurred during error reporting (printing stack bounds), id 0xc0000005]

Native frames: (J=compiled Java code, j=interpreted, Vv=VM code, C=native code)


---------------  P R O C E S S  ---------------

Java Threads: ( => current thread )
  0x000000001f98a800 JavaThread "C1 CompilerThread3" daemon [_thread_in_native, id=22680, stack(0x00000000203a0000,0x00000000204a0000)]
  0x000000001f42e000 JavaThread "C2 CompilerThread2" daemon [_thread_blocked, id=13412, stack(0x00000000202a0000,0x00000000203a0000)]
  0x000000001f975000 JavaThread "C2 CompilerThread1" daemon [_thread_blocked, id=17252, stack(0x00000000201a0000,0x00000000202a0000)]
=>0x000000001f974000 JavaThread "C2 CompilerThread0" daemon [_thread_in_vm, id=13424, stack(0x00000000200a0000,0x00000000201a0000)]
  0x000000001f969000 JavaThread "Monitor Ctrl-Break" daemon [_thread_in_native, id=25020, stack(0x000000001ffa0000,0x00000000200a0000)]
  0x000000001f075800 JavaThread "Attach Listener" daemon [_thread_blocked, id=16208, stack(0x000000001f690000,0x000000001f790000)]
  0x000000001f0d0800 JavaThread "Signal Dispatcher" daemon [_thread_blocked, id=24028, stack(0x000000001f590000,0x000000001f690000)]
  0x000000001f051800 JavaThread "Finalizer" daemon [_thread_blocked, id=24820, stack(0x000000001f430000,0x000000001f530000)]
  0x00000000035de000 JavaThread "Reference Handler" daemon [_thread_blocked, id=24824, stack(0x000000001ef30000,0x000000001f030000)]
  0x00000000034e2000 JavaThread "main" [_thread_in_vm, id=13700, stack(0x0000000003390000,0x0000000003490000)]

Other Threads:
  0x000000001d139800 VMThread [stack: 0x000000001ee30000,0x000000001ef30000] [id=12744]

VM state:not at safepoint (normal execution)

VM Mutex/Monitor currently owned by a thread: None

Heap:
 PSYoungGen      total 75776K, used 7148K [0x000000076b600000, 0x0000000770a80000, 0x00000007c0000000)
  eden space 65024K, 10% used [0x000000076b600000,0x000000076bcfb200,0x000000076f580000)
  from space 10752K, 0% used [0x0000000770000000,0x0000000770000000,0x0000000770a80000)
  to   space 10752K, 0% used [0x000000076f580000,0x000000076f580000,0x0000000770000000)
 ParOldGen       total 173568K, used 0K [0x00000006c2200000, 0x00000006ccb80000, 0x000000076b600000)
  object space 173568K, 0% used [0x00000006c2200000,0x00000006c2200000,0x00000006ccb80000)
 Metaspace       used 3143K, capacity 4494K, committed 4864K, reserved 1056768K
  class space    used 338K, capacity 386K, committed 512K, reserved 1048576K

Card table byte_map: [0x0000000012ae0000,0x00000000132d0000] byte_map_base: 0x000000000f4cf000

Marking Bits: (ParMarkBitMap*) 0x000000006da808c0
 Begin Bits: [0x0000000014020000, 0x0000000017f98000)
 End Bits:   [0x0000000017f98000, 0x000000001bf10000)

Polling page: 0x0000000001890000

CodeCache: size=245760Kb used=1073Kb max_used=1073Kb free=244686Kb
 bounds [0x0000000003720000, 0x0000000003990000, 0x0000000012720000]
 total_blobs=230 nmethods=5 adapters=153
 compilation: enabled

Compilation events (0 events):
No events

GC Heap History (0 events):
No events

Deoptimization events (0 events):
No events

Classes redefined (0 events):
No events

Internal exceptions (2 events):
Event: 0.030 Thread 0x00000000034e2000 Exception <a 'java/lang/NoSuchMethodError': Method sun.misc.Unsafe.defineClass(Ljava/lang/String;[BII)Ljava/lang/Class; name or signature does not match> (0x000000076b607cb0) thrown at [C:\re\workspace\8-2-build-windows-amd64-cygwin\jdk8u171\10807\hotspot
Event: 0.030 Thread 0x00000000034e2000 Exception <a 'java/lang/NoSuchMethodError': Method sun.misc.Unsafe.prefetchRead(Ljava/lang/Object;J)V name or signature does not match> (0x000000076b607f98) thrown at [C:\re\workspace\8-2-build-windows-amd64-cygwin\jdk8u171\10807\hotspot\src\share\vm\prim

Events (10 events):
Event: 0.284 Thread 0x000000001f975000 Thread added: 0x000000001f975000
Event: 0.284 loading class java/net/Socket
Event: 0.284 Thread 0x000000001f42e000 Thread added: 0x000000001f42e000
Event: 0.285 loading class java/net/Socket done
Event: 0.285 Thread 0x000000001f98a800 Thread added: 0x000000001f98a800
Event: 0.285 loading class java/lang/invoke/MethodHandleImpl
Event: 0.285 loading class java/net/InetSocketAddress
Event: 0.285 loading class java/net/SocketAddress
Event: 0.285 loading class java/net/SocketAddress done
Event: 0.285 loading class java/net/InetSocketAddress done


Dynamic libraries:
0x00007ff724f90000 - 0x00007ff724fc7000 	D:\Program Files\Java\jdk1.8.0_171\bin\java.exe
0x00007ffa60a90000 - 0x00007ffa60c85000 	C:\WINDOWS\SYSTEM32\ntdll.dll
0x00007ffa607d0000 - 0x00007ffa6088d000 	C:\WINDOWS\System32\KERNEL32.DLL
0x00007ffa5e310000 - 0x00007ffa5e5d9000 	C:\WINDOWS\System32\KERNELBASE.dll
0x00007ffa601d0000 - 0x00007ffa6027c000 	C:\WINDOWS\System32\ADVAPI32.dll
0x00007ffa60930000 - 0x00007ffa609ce000 	C:\WINDOWS\System32\msvcrt.dll
0x00007ffa60730000 - 0x00007ffa607cb000 	C:\WINDOWS\System32\sechost.dll
0x00007ffa5eaf0000 - 0x00007ffa5ec1a000 	C:\WINDOWS\System32\RPCRT4.dll
0x00007ffa5fae0000 - 0x00007ffa5fc80000 	C:\WINDOWS\System32\USER32.dll
0x00007ffa5e1f0000 - 0x00007ffa5e212000 	C:\WINDOWS\System32\win32u.dll
0x00007ffa5f3f0000 - 0x00007ffa5f41a000 	C:\WINDOWS\System32\GDI32.dll
0x00007ffa5e8a0000 - 0x00007ffa5e9ab000 	C:\WINDOWS\System32\gdi32full.dll
0x00007ffa5e220000 - 0x00007ffa5e2bd000 	C:\WINDOWS\System32\msvcp_win.dll
0x00007ffa5e640000 - 0x00007ffa5e740000 	C:\WINDOWS\System32\ucrtbase.dll
0x00007ffa49800000 - 0x00007ffa49a9a000 	C:\WINDOWS\WinSxS\amd64_microsoft.windows.common-controls_6595b64144ccf1df_6.0.19041.1110_none_60b5254171f9507e\COMCTL32.dll
0x00007ffa608a0000 - 0x00007ffa608d0000 	C:\WINDOWS\System32\IMM32.DLL
0x000000006db00000 - 0x000000006dbd2000 	D:\Program Files\Java\jdk1.8.0_171\jre\bin\msvcr100.dll
0x000000006d260000 - 0x000000006db00000 	D:\Program Files\Java\jdk1.8.0_171\jre\bin\server\jvm.dll
0x00007ffa60890000 - 0x00007ffa60898000 	C:\WINDOWS\System32\PSAPI.DLL
0x00007ffa43cd0000 - 0x00007ffa43cd9000 	C:\WINDOWS\SYSTEM32\WSOCK32.dll
0x00007ffa606c0000 - 0x00007ffa6072b000 	C:\WINDOWS\System32\WS2_32.dll
0x00007ffa4b820000 - 0x00007ffa4b847000 	C:\WINDOWS\SYSTEM32\WINMM.dll
0x00007ffa5d060000 - 0x00007ffa5d06a000 	C:\WINDOWS\SYSTEM32\VERSION.dll
0x000000006ef50000 - 0x000000006ef5f000 	D:\Program Files\Java\jdk1.8.0_171\jre\bin\verify.dll
0x000000006ef20000 - 0x000000006ef49000 	D:\Program Files\Java\jdk1.8.0_171\jre\bin\java.dll
0x000000006d1b0000 - 0x000000006d1d3000 	D:\Program Files\Java\jdk1.8.0_171\jre\bin\instrument.dll
0x000000006ef00000 - 0x000000006ef16000 	D:\Program Files\Java\jdk1.8.0_171\jre\bin\zip.dll
0x00007ffa5ec20000 - 0x00007ffa5f35f000 	C:\WINDOWS\System32\SHELL32.dll
0x00007ffa5c890000 - 0x00007ffa5d020000 	C:\WINDOWS\SYSTEM32\windows.storage.dll
0x00007ffa5f480000 - 0x00007ffa5f7d5000 	C:\WINDOWS\System32\combase.dll
0x00007ffa5dc20000 - 0x00007ffa5dc4c000 	C:\WINDOWS\SYSTEM32\Wldp.dll
0x00007ffa605f0000 - 0x00007ffa6069e000 	C:\WINDOWS\System32\SHCORE.dll
0x00007ffa5fa80000 - 0x00007ffa5fad5000 	C:\WINDOWS\System32\shlwapi.dll
0x00007ffa5e100000 - 0x00007ffa5e11f000 	C:\WINDOWS\SYSTEM32\profapi.dll
0x00007ffa55920000 - 0x00007ffa5593a000 	D:\Program Files\JetBrains\IntelliJ IDEA 2018.3.5\bin\breakgen64.dll
0x000000006d240000 - 0x000000006d25a000 	D:\Program Files\Java\jdk1.8.0_171\jre\bin\net.dll
0x00007ffa5d980000 - 0x00007ffa5d9ea000 	C:\WINDOWS\system32\mswsock.dll

VM Arguments:
jvm_args: -javaagent:D:\Program Files\JetBrains\IntelliJ IDEA 2018.3.5\lib\idea_rt.jar=51675:D:\Program Files\JetBrains\IntelliJ IDEA 2018.3.5\bin -Dfile.encoding=UTF-8 
java_command: com.cloud.server.common.DoTest
java_class_path (initial): D:\Program Files\Java\jdk1.8.0_171\jre\lib\charsets.jar;D:\Program Files\Java\jdk1.8.0_171\jre\lib\deploy.jar;D:\Program Files\Java\jdk1.8.0_171\jre\lib\ext\access-bridge-64.jar;D:\Program Files\Java\jdk1.8.0_171\jre\lib\ext\cldrdata.jar;D:\Program Files\Java\jdk1.8.0_171\jre\lib\ext\dnsns.jar;D:\Program Files\Java\jdk1.8.0_171\jre\lib\ext\jaccess.jar;D:\Program Files\Java\jdk1.8.0_171\jre\lib\ext\jfxrt.jar;D:\Program Files\Java\jdk1.8.0_171\jre\lib\ext\localedata.jar;D:\Program Files\Java\jdk1.8.0_171\jre\lib\ext\nashorn.jar;D:\Program Files\Java\jdk1.8.0_171\jre\lib\ext\sunec.jar;D:\Program Files\Java\jdk1.8.0_171\jre\lib\ext\sunjce_provider.jar;D:\Program Files\Java\jdk1.8.0_171\jre\lib\ext\sunmscapi.jar;D:\Program Files\Java\jdk1.8.0_171\jre\lib\ext\sunpkcs11.jar;D:\Program Files\Java\jdk1.8.0_171\jre\lib\ext\zipfs.jar;D:\Program Files\Java\jdk1.8.0_171\jre\lib\javaws.jar;D:\Program Files\Java\jdk1.8.0_171\jre\lib\jce.jar;D:\Program Files\Java\jdk1.8.0_171\jre\lib\jfr.jar;D:\Program Files\Java\jdk1.8.0_171\jre\lib\jfxswt.jar;D:\Program Files\Java\jdk1.8.0_171\jre\lib\jsse.jar;D:\Program Files\Java\jdk1.8.0_171\jre\lib\management-agent.jar;D:\Program Files\Java\jdk1.8.0_171\jre\lib\plugin.jar;D:\Program Files\Java\jdk1.8.0_171\jre\lib\resources.jar;D:\Program Files\Java\jdk1.8.0_171\jre\lib\rt.jar;E:\≤‚ ‘◊®”√π§æﬂπ§≥Ã\springcloud\target\classes;E:\maven-repository\org\springframework\boot\spring-boot-starter\1.5.10.RELEASE\spring-boot-starter-1.5.10.RELEASE.jar;E:\maven-repository\org\springframework\boot\spring-boot\1.5.10.RELEASE\spring-boot-1.5.10.RELEASE.jar;E:\maven-repository\org\springframework\spring-context\4.3.14.RELEASE\spring-context-4.3.14.RELEASE.jar;E:\maven-repository\org\springframework\boot\spring-boot-autoconfigure\1.5.10.RELEASE\spring-boot-autoconfigure-1.5.10.RELEASE.jar;E:\maven-repository\org\springframework\boot\spring-boot-starter-logging\1.5.10.RELEASE\spring-boot-starter-logging-1.5.10.RELEASE.jar;E:\maven-r
Launcher Type: SUN_STANDARD

Environment Variables:
JAVA_HOME=D:\Program Files\Java\jdk1.8.0_171
CLASSPATH=D:\Program Files\Java\jdk1.8.0_171lib;D:\Program Files\Java\jdk1.8.0_171libdt.jar;D:\Program Files\Java\jdk1.8.0_171lib ools.jar;
PATH=D:\Python27\;D:\Python27\Scripts;D:\Programs\Python\Python37\Scripts\;D:\Programs\Python\Python37\;%python%;C:\Program Files (x86)\Common Files\Oracle\Java\javapath;C:\Program Files\Intel\Intel(R) Management Engine Components\iCLS\;C:\Windows\system32;C:\Windows;C:\Windows\System32\Wbem;C:\Windows\System32\WindowsPowerShell\v1.0\;C:\Program Files (x86)\NVIDIA Corporation\PhysX\Common;C:\WINDOWS\system32;C:\WINDOWS;C:\WINDOWS\System32\Wbem;C:\WINDOWS\System32\WindowsPowerShell\v1.0\;C:\WINDOWS\System32\OpenSSH\;E:\apache-maven-3.6.0\bin\;C:\Program Files (x86)\MySQL\MySQL Utilities 1.6\;C:\Program Files\Intel\WiFi\bin\;C:\Program Files\Common Files\Intel\WirelessCommon\;D:\Program Files\TortoiseGit\bin;d:\Program Files\Git\cmd;D:\Program Files\nodejs\;D:\Program Files\TortoiseSVN\bin;D:\Program Files\Java\jdk1.8.0_171\bin;D:\hadoop_local_test_evn\habase\hbase-2.3.4\bin;D:\hadoop_local_test_evn\hadoop\hadoop-3.2.2\bin;D:\Program Files (x86)\NetSarang\Xshell 7\;D:\Program Files (x86)\NetSarang\Xftp 7\;C:\Program Files (x86)\Intel\Intel(R) Management Engine Components\DAL;C:\Program Files\Intel\Intel(R) Management Engine Components\DAL;C:\Users\cyh\AppData\Local\Microsoft\WindowsApps;d:\Fiddler;;C:\Users\–°”„Õ¬≈›≈›\AppData\Local\Microsoft\WindowsApps;C:\Users\–°”„Õ¬≈›≈›\AppData\Roaming\npm;D:\Programs\Microsoft VS Code\bin
USERNAME=–°”„Õ¬≈›≈›
OS=Windows_NT
PROCESSOR_IDENTIFIER=Intel64 Family 6 Model 158 Stepping 10, GenuineIntel



---------------  S Y S T E M  ---------------

OS: Windows 10.0 , 64 bit Build 19041 (10.0.19041.1151)

CPU:total 8 (initial active 8) (4 cores per cpu, 2 threads per core) family 6 model 158 stepping 10, cmov, cx8, fxsr, mmx, sse, sse2, sse3, ssse3, sse4.1, sse4.2, popcnt, avx, avx2, aes, clmul, erms, 3dnowpref, lzcnt, ht, tsc, tscinvbit, bmi1, bmi2, adx

Memory: 4k page, physical 16634264k(7133448k free), swap 18731416k(4192k free)

vm_info: Java HotSpot(TM) 64-Bit Server VM (25.171-b11) for windows-amd64 JRE (1.8.0_171-b11), built on Mar 28 2018 16:06:12 by "java_re" with MS VC++ 10.0 (VS2010)

time: Fri Aug 20 11:00:16 2021
elapsed time: 0 seconds (0d 0h 0m 0s)

